<?xml version="1.0" encoding="UTF-8"?>
<!-- Generated by org.testng.reporters.JUnitReportReporter -->
<testsuite hostname="LAPTOP-1G49U1VG" failures="0" tests="7" name="com.example.NewTest6" time="0.013" errors="0" timestamp="2024-01-04T12:38:01 IST" skipped="0">
  <testcase classname="com.example.NewTest6" name="signup" time="0.008"/>
  <system-out/>
  <testcase classname="com.example.NewTest6" name="signIn" time="0.001"/>
  <system-out/>
  <testcase classname="com.example.NewTest6" name="search" time="0.001"/>
  <system-out/>
  <testcase classname="com.example.NewTest6" name="book" time="0.001"/>
  <system-out/>
  <testcase classname="com.example.NewTest6" name="save" time="0.000"/>
  <system-out/>
  <testcase classname="com.example.NewTest6" name="pay" time="0.000"/>
  <system-out/>
  <testcase classname="com.example.NewTest6" name="logoff" time="0.002"/>
  <system-out/>
</testsuite> <!-- com.example.NewTest6 -->
