<?xml version="1.0" encoding="UTF-8"?>
<!-- Generated by org.testng.reporters.JUnitReportReporter -->
<testsuite hostname="LAPTOP-1G49U1VG" failures="0" tests="1" name="com.example.NewTest1" time="0.001" errors="0" timestamp="2024-01-04T10:33:19 IST" skipped="0">
  <testcase classname="com.example.NewTest1" name="f" time="0.001"/>
  <system-out/>
</testsuite> <!-- com.example.NewTest1 -->
